# JRE version: OpenJDK Runtime Environment (8.0_332-b04) (build 1.8.0_332-b04)
# Java VM: OpenJDK 64-Bit Server VM (25.332-b04 mixed mode linux-amd64 compressed oops)
Heap:
 PSYoungGen      total 279040K, used 123360K [0x00000000eab00000, 0x0000000100000000, 0x0000000100000000)
  eden space 247808K, 37% used [0x00000000eab00000,0x00000000f04fdf68,0x00000000f9d00000)
  from space 31232K, 99% used [0x00000000fe180000,0x00000000ffffa3d0,0x0000000100000000)
  to   space 50688K, 0% used [0x00000000f9d00000,0x00000000f9d00000,0x00000000fce80000)
 ParOldGen       total 699392K, used 66781K [0x00000000c0000000, 0x00000000eab00000, 0x00000000eab00000)
  object space 699392K, 9% used [0x00000000c0000000,0x00000000c41375d8,0x00000000eab00000)
 Metaspace       used 144235K, capacity 166541K, committed 166604K, reserved 1193984K
  class space    used 20319K, capacity 21963K, committed 21964K, reserved 1048576K
GC Heap History (10 events):
Event: 7.485 GC heap before
{Heap before GC invocations=10 (full 3):
 PSYoungGen      total 321024K, used 309192K [0x00000000eab00000, 0x0000000100000000, 0x0000000100000000)
  eden space 292864K, 100% used [0x00000000eab00000,0x00000000fc900000,0x00000000fc900000)
  from space 28160K, 57% used [0x00000000fe480000,0x00000000ff472380,0x0000000100000000)
  to   space 28160K, 0% used [0x00000000fc900000,0x00000000fc900000,0x00000000fe480000)
 ParOldGen       total 699392K, used 32471K [0x00000000c0000000, 0x00000000eab00000, 0x00000000eab00000)
  object space 699392K, 4% used [0x00000000c0000000,0x00000000c1fb5fb8,0x00000000eab00000)
 Metaspace       used 86260K, capacity 100326K, committed 100428K, reserved 1136640K
  class space    used 12220K, capacity 13072K, committed 13132K, reserved 1048576K
Event: 7.505 GC heap after
Heap after GC invocations=10 (full 3):
 PSYoungGen      total 317952K, used 24578K [0x00000000eab00000, 0x0000000100000000, 0x0000000100000000)
  eden space 292864K, 0% used [0x00000000eab00000,0x00000000eab00000,0x00000000fc900000)
  from space 25088K, 97% used [0x00000000fc900000,0x00000000fe100ac8,0x00000000fe180000)
  to   space 31232K, 0% used [0x00000000fe180000,0x00000000fe180000,0x0000000100000000)
 ParOldGen       total 699392K, used 32503K [0x00000000c0000000, 0x00000000eab00000, 0x00000000eab00000)
  object space 699392K, 4% used [0x00000000c0000000,0x00000000c1fbdfb8,0x00000000eab00000)
 Metaspace       used 86260K, capacity 100326K, committed 100428K, reserved 1136640K
  class space    used 12220K, capacity 13072K, committed 13132K, reserved 1048576K
}
Event: 7.578 GC heap before
{Heap before GC invocations=11 (full 3):
 PSYoungGen      total 317952K, used 33037K [0x00000000eab00000, 0x0000000100000000, 0x0000000100000000)
  eden space 292864K, 2% used [0x00000000eab00000,0x00000000eb342ca0,0x00000000fc900000)
  from space 25088K, 97% used [0x00000000fc900000,0x00000000fe100ac8,0x00000000fe180000)
  to   space 31232K, 0% used [0x00000000fe180000,0x00000000fe180000,0x0000000100000000)
 ParOldGen       total 699392K, used 32503K [0x00000000c0000000, 0x00000000eab00000, 0x00000000eab00000)
  object space 699392K, 4% used [0x00000000c0000000,0x00000000c1fbdfb8,0x00000000eab00000)
 Metaspace       used 87530K, capacity 101838K, committed 101888K, reserved 1138688K
  class space    used 12445K, capacity 13338K, committed 13388K, reserved 1048576K
Event: 7.602 GC heap after
Heap after GC invocations=11 (full 3):
 PSYoungGen      total 317952K, used 17149K [0x00000000eab00000, 0x0000000100000000, 0x0000000100000000)
  eden space 286720K, 0% used [0x00000000eab00000,0x00000000eab00000,0x00000000fc300000)
  from space 31232K, 54% used [0x00000000fe180000,0x00000000ff23f4d8,0x0000000100000000)
  to   space 31232K, 0% used [0x00000000fc300000,0x00000000fc300000,0x00000000fe180000)
 ParOldGen       total 699392K, used 32511K [0x00000000c0000000, 0x00000000eab00000, 0x00000000eab00000)
  object space 699392K, 4% used [0x00000000c0000000,0x00000000c1fbffb8,0x00000000eab00000)
 Metaspace       used 87530K, capacity 101838K, committed 101888K, reserved 1138688K
  class space    used 12445K, capacity 13338K, committed 13388K, reserved 1048576K
}
Event: 7.602 GC heap before
{Heap before GC invocations=12 (full 4):
 PSYoungGen      total 317952K, used 17149K [0x00000000eab00000, 0x0000000100000000, 0x0000000100000000)
  eden space 286720K, 0% used [0x00000000eab00000,0x00000000eab00000,0x00000000fc300000)
  from space 31232K, 54% used [0x00000000fe180000,0x00000000ff23f4d8,0x0000000100000000)
  to   space 31232K, 0% used [0x00000000fc300000,0x00000000fc300000,0x00000000fe180000)
 ParOldGen       total 699392K, used 32511K [0x00000000c0000000, 0x00000000eab00000, 0x00000000eab00000)
  object space 699392K, 4% used [0x00000000c0000000,0x00000000c1fbffb8,0x00000000eab00000)
 Metaspace       used 87530K, capacity 101838K, committed 101888K, reserved 1138688K
  class space    used 12445K, capacity 13338K, committed 13388K, reserved 1048576K
Event: 7.734 GC heap after
Heap after GC invocations=12 (full 4):
 PSYoungGen      total 317952K, used 0K [0x00000000eab00000, 0x0000000100000000, 0x0000000100000000)
  eden space 286720K, 0% used [0x00000000eab00000,0x00000000eab00000,0x00000000fc300000)
  from space 31232K, 0% used [0x00000000fe180000,0x00000000fe180000,0x0000000100000000)
  to   space 31232K, 0% used [0x00000000fc300000,0x00000000fc300000,0x00000000fe180000)
 ParOldGen       total 699392K, used 35800K [0x00000000c0000000, 0x00000000eab00000, 0x00000000eab00000)
  object space 699392K, 5% used [0x00000000c0000000,0x00000000c22f61c8,0x00000000eab00000)
 Metaspace       used 85487K, capacity 98778K, committed 101888K, reserved 1138688K
  class space    used 12099K, capacity 12933K, committed 13388K, reserved 1048576K
}
Event: 9.489 GC heap before
{Heap before GC invocations=13 (full 4):
 PSYoungGen      total 317952K, used 286720K [0x00000000eab00000, 0x0000000100000000, 0x0000000100000000)
  eden space 286720K, 100% used [0x00000000eab00000,0x00000000fc300000,0x00000000fc300000)
  from space 31232K, 0% used [0x00000000fe180000,0x00000000fe180000,0x0000000100000000)
  to   space 31232K, 0% used [0x00000000fc300000,0x00000000fc300000,0x00000000fe180000)
 ParOldGen       total 699392K, used 35800K [0x00000000c0000000, 0x00000000eab00000, 0x00000000eab00000)
  object space 699392K, 5% used [0x00000000c0000000,0x00000000c22f61c8,0x00000000eab00000)
 Metaspace       used 104720K, capacity 120302K, committed 120524K, reserved 1155072K
  class space    used 14802K, capacity 15797K, committed 15820K, reserved 1048576K
Event: 9.504 GC heap after
Heap after GC invocations=13 (full 4):
 PSYoungGen      total 317952K, used 31205K [0x00000000eab00000, 0x0000000100000000, 0x0000000100000000)
  eden space 286720K, 0% used [0x00000000eab00000,0x00000000eab00000,0x00000000fc300000)
  from space 31232K, 99% used [0x00000000fc300000,0x00000000fe1796a0,0x00000000fe180000)
  to   space 31232K, 0% used [0x00000000fe180000,0x00000000fe180000,0x0000000100000000)
 ParOldGen       total 699392K, used 38723K [0x00000000c0000000, 0x00000000eab00000, 0x00000000eab00000)
  object space 699392K, 5% used [0x00000000c0000000,0x00000000c25d0cc8,0x00000000eab00000)
 Metaspace       used 104720K, capacity 120302K, committed 120524K, reserved 1155072K
  class space    used 14802K, capacity 15797K, committed 15820K, reserved 1048576K
}
Event: 14.801 GC heap before
{Heap before GC invocations=14 (full 4):
 PSYoungGen      total 317952K, used 317925K [0x00000000eab00000, 0x0000000100000000, 0x0000000100000000)
  eden space 286720K, 100% used [0x00000000eab00000,0x00000000fc300000,0x00000000fc300000)
  from space 31232K, 99% used [0x00000000fc300000,0x00000000fe1796a0,0x00000000fe180000)
  to   space 31232K, 0% used [0x00000000fe180000,0x00000000fe180000,0x0000000100000000)
 ParOldGen       total 699392K, used 38723K [0x00000000c0000000, 0x00000000eab00000, 0x00000000eab00000)
  object space 699392K, 5% used [0x00000000c0000000,0x00000000c25d0cc8,0x00000000eab00000)
 Metaspace       used 130185K, capacity 150325K, committed 150348K, reserved 1179648K
  class space    used 18358K, capacity 19784K, committed 19788K, reserved 1048576K
Event: 14.832 GC heap after
Heap after GC invocations=14 (full 4):
 PSYoungGen      total 279040K, used 31208K [0x00000000eab00000, 0x0000000100000000, 0x0000000100000000)
  eden space 247808K, 0% used [0x00000000eab00000,0x00000000eab00000,0x00000000f9d00000)
  from space 31232K, 99% used [0x00000000fe180000,0x00000000ffffa3d0,0x0000000100000000)
  to   space 50688K, 0% used [0x00000000f9d00000,0x00000000f9d00000,0x00000000fce80000)
 ParOldGen       total 699392K, used 66781K [0x00000000c0000000, 0x00000000eab00000, 0x00000000eab00000)
  object space 699392K, 9% used [0x00000000c0000000,0x00000000c41375d8,0x00000000eab00000)
 Metaspace       used 130185K, capacity 150325K, committed 150348K, reserved 1179648K
  class space    used 18358K, capacity 19784K, committed 19788K, reserved 1048576K
}

