# JRE version: OpenJDK Runtime Environment (8.0_332-b04) (build 1.8.0_332-b04)
# Java VM: OpenJDK 64-Bit Server VM (25.332-b04 mixed mode linux-amd64 compressed oops)
Heap:
 PSYoungGen      total 286208K, used 72074K [0x00000000eab00000, 0x0000000100000000, 0x0000000100000000)
  eden space 258048K, 17% used [0x00000000eab00000,0x00000000ed5e52f0,0x00000000fa700000)
  from space 28160K, 99% used [0x00000000fe480000,0x00000000ffffd678,0x0000000100000000)
  to   space 45568K, 0% used [0x00000000fa700000,0x00000000fa700000,0x00000000fd380000)
 ParOldGen       total 699392K, used 66721K [0x00000000c0000000, 0x00000000eab00000, 0x00000000eab00000)
  object space 699392K, 9% used [0x00000000c0000000,0x00000000c4128700,0x00000000eab00000)
 Metaspace       used 140056K, capacity 161991K, committed 162048K, reserved 1189888K
  class space    used 19835K, capacity 21472K, committed 21504K, reserved 1048576K
GC Heap History (10 events):
Event: 8.592 GC heap before
{Heap before GC invocations=8 (full 3):
 PSYoungGen      total 305664K, used 279904K [0x00000000eab00000, 0x0000000100000000, 0x0000000100000000)
  eden space 262144K, 100% used [0x00000000eab00000,0x00000000fab00000,0x00000000fab00000)
  from space 43520K, 40% used [0x00000000fd580000,0x00000000fe6d80b8,0x0000000100000000)
  to   space 43520K, 0% used [0x00000000fab00000,0x00000000fab00000,0x00000000fd580000)
 ParOldGen       total 699392K, used 32222K [0x00000000c0000000, 0x00000000eab00000, 0x00000000eab00000)
  object space 699392K, 4% used [0x00000000c0000000,0x00000000c1f77a38,0x00000000eab00000)
 Metaspace       used 83220K, capacity 96714K, committed 96896K, reserved 1134592K
  class space    used 11751K, capacity 12587K, committed 12672K, reserved 1048576K
Event: 8.615 GC heap after
Heap after GC invocations=8 (full 3):
 PSYoungGen      total 305664K, used 22468K [0x00000000eab00000, 0x0000000100000000, 0x0000000100000000)
  eden space 262144K, 0% used [0x00000000eab00000,0x00000000eab00000,0x00000000fab00000)
  from space 43520K, 51% used [0x00000000fab00000,0x00000000fc0f1208,0x00000000fd580000)
  to   space 28160K, 0% used [0x00000000fe480000,0x00000000fe480000,0x0000000100000000)
 ParOldGen       total 699392K, used 32238K [0x00000000c0000000, 0x00000000eab00000, 0x00000000eab00000)
  object space 699392K, 4% used [0x00000000c0000000,0x00000000c1f7ba38,0x00000000eab00000)
 Metaspace       used 83220K, capacity 96714K, committed 96896K, reserved 1134592K
  class space    used 11751K, capacity 12587K, committed 12672K, reserved 1048576K
}
Event: 8.715 GC heap before
{Heap before GC invocations=9 (full 3):
 PSYoungGen      total 305664K, used 38849K [0x00000000eab00000, 0x0000000100000000, 0x0000000100000000)
  eden space 262144K, 6% used [0x00000000eab00000,0x00000000ebaff4c8,0x00000000fab00000)
  from space 43520K, 51% used [0x00000000fab00000,0x00000000fc0f1208,0x00000000fd580000)
  to   space 28160K, 0% used [0x00000000fe480000,0x00000000fe480000,0x0000000100000000)
 ParOldGen       total 699392K, used 32238K [0x00000000c0000000, 0x00000000eab00000, 0x00000000eab00000)
  object space 699392K, 4% used [0x00000000c0000000,0x00000000c1f7ba38,0x00000000eab00000)
 Metaspace       used 84814K, capacity 98524K, committed 98560K, reserved 1134592K
  class space    used 11963K, capacity 12787K, committed 12800K, reserved 1048576K
Event: 8.730 GC heap after
Heap after GC invocations=9 (full 3):
 PSYoungGen      total 322560K, used 17644K [0x00000000eab00000, 0x0000000100000000, 0x0000000100000000)
  eden space 294400K, 0% used [0x00000000eab00000,0x00000000eab00000,0x00000000fca80000)
  from space 28160K, 62% used [0x00000000fe480000,0x00000000ff5bb2c8,0x0000000100000000)
  to   space 26624K, 0% used [0x00000000fca80000,0x00000000fca80000,0x00000000fe480000)
 ParOldGen       total 699392K, used 32246K [0x00000000c0000000, 0x00000000eab00000, 0x00000000eab00000)
  object space 699392K, 4% used [0x00000000c0000000,0x00000000c1f7da38,0x00000000eab00000)
 Metaspace       used 84814K, capacity 98524K, committed 98560K, reserved 1134592K
  class space    used 11963K, capacity 12787K, committed 12800K, reserved 1048576K
}
Event: 8.730 GC heap before
{Heap before GC invocations=10 (full 4):
 PSYoungGen      total 322560K, used 17644K [0x00000000eab00000, 0x0000000100000000, 0x0000000100000000)
  eden space 294400K, 0% used [0x00000000eab00000,0x00000000eab00000,0x00000000fca80000)
  from space 28160K, 62% used [0x00000000fe480000,0x00000000ff5bb2c8,0x0000000100000000)
  to   space 26624K, 0% used [0x00000000fca80000,0x00000000fca80000,0x00000000fe480000)
 ParOldGen       total 699392K, used 32246K [0x00000000c0000000, 0x00000000eab00000, 0x00000000eab00000)
  object space 699392K, 4% used [0x00000000c0000000,0x00000000c1f7da38,0x00000000eab00000)
 Metaspace       used 84814K, capacity 98524K, committed 98560K, reserved 1134592K
  class space    used 11963K, capacity 12787K, committed 12800K, reserved 1048576K
Event: 8.875 GC heap after
Heap after GC invocations=10 (full 4):
 PSYoungGen      total 322560K, used 0K [0x00000000eab00000, 0x0000000100000000, 0x0000000100000000)
  eden space 294400K, 0% used [0x00000000eab00000,0x00000000eab00000,0x00000000fca80000)
  from space 28160K, 0% used [0x00000000fe480000,0x00000000fe480000,0x0000000100000000)
  to   space 26624K, 0% used [0x00000000fca80000,0x00000000fca80000,0x00000000fe480000)
 ParOldGen       total 699392K, used 36093K [0x00000000c0000000, 0x00000000eab00000, 0x00000000eab00000)
  object space 699392K, 5% used [0x00000000c0000000,0x00000000c233f500,0x00000000eab00000)
 Metaspace       used 82820K, capacity 95518K, committed 98560K, reserved 1134592K
  class space    used 11628K, capacity 12396K, committed 12800K, reserved 1048576K
}
Event: 11.215 GC heap before
{Heap before GC invocations=11 (full 4):
 PSYoungGen      total 322560K, used 294400K [0x00000000eab00000, 0x0000000100000000, 0x0000000100000000)
  eden space 294400K, 100% used [0x00000000eab00000,0x00000000fca80000,0x00000000fca80000)
  from space 28160K, 0% used [0x00000000fe480000,0x00000000fe480000,0x0000000100000000)
  to   space 26624K, 0% used [0x00000000fca80000,0x00000000fca80000,0x00000000fe480000)
 ParOldGen       total 699392K, used 36093K [0x00000000c0000000, 0x00000000eab00000, 0x00000000eab00000)
  object space 699392K, 5% used [0x00000000c0000000,0x00000000c233f500,0x00000000eab00000)
 Metaspace       used 102552K, capacity 118144K, committed 118400K, reserved 1153024K
  class space    used 14647K, capacity 15649K, committed 15744K, reserved 1048576K
Event: 11.236 GC heap after
Heap after GC invocations=11 (full 4):
 PSYoungGen      total 321024K, used 26617K [0x00000000eab00000, 0x0000000100000000, 0x0000000100000000)
  eden space 294400K, 0% used [0x00000000eab00000,0x00000000eab00000,0x00000000fca80000)
  from space 26624K, 99% used [0x00000000fca80000,0x00000000fe47e498,0x00000000fe480000)
  to   space 28160K, 0% used [0x00000000fe480000,0x00000000fe480000,0x0000000100000000)
 ParOldGen       total 699392K, used 44029K [0x00000000c0000000, 0x00000000eab00000, 0x00000000eab00000)
  object space 699392K, 6% used [0x00000000c0000000,0x00000000c2aff6f0,0x00000000eab00000)
 Metaspace       used 102552K, capacity 118144K, committed 118400K, reserved 1153024K
  class space    used 14647K, capacity 15649K, committed 15744K, reserved 1048576K
}
Event: 18.910 GC heap before
{Heap before GC invocations=12 (full 4):
 PSYoungGen      total 321024K, used 321017K [0x00000000eab00000, 0x0000000100000000, 0x0000000100000000)
  eden space 294400K, 100% used [0x00000000eab00000,0x00000000fca80000,0x00000000fca80000)
  from space 26624K, 99% used [0x00000000fca80000,0x00000000fe47e498,0x00000000fe480000)
  to   space 28160K, 0% used [0x00000000fe480000,0x00000000fe480000,0x0000000100000000)
 ParOldGen       total 699392K, used 44029K [0x00000000c0000000, 0x00000000eab00000, 0x00000000eab00000)
  object space 699392K, 6% used [0x00000000c0000000,0x00000000c2aff6f0,0x00000000eab00000)
 Metaspace       used 139826K, capacity 161775K, committed 162048K, reserved 1189888K
  class space    used 19819K, capacity 21430K, committed 21504K, reserved 1048576K
Event: 18.955 GC heap after
Heap after GC invocations=12 (full 4):
 PSYoungGen      total 286208K, used 28149K [0x00000000eab00000, 0x0000000100000000, 0x0000000100000000)
  eden space 258048K, 0% used [0x00000000eab00000,0x00000000eab00000,0x00000000fa700000)
  from space 28160K, 99% used [0x00000000fe480000,0x00000000ffffd678,0x0000000100000000)
  to   space 45568K, 0% used [0x00000000fa700000,0x00000000fa700000,0x00000000fd380000)
 ParOldGen       total 699392K, used 66721K [0x00000000c0000000, 0x00000000eab00000, 0x00000000eab00000)
  object space 699392K, 9% used [0x00000000c0000000,0x00000000c4128700,0x00000000eab00000)
 Metaspace       used 139826K, capacity 161775K, committed 162048K, reserved 1189888K
  class space    used 19819K, capacity 21430K, committed 21504K, reserved 1048576K
}

