# JRE version: OpenJDK Runtime Environment (8.0_332-b04) (build 1.8.0_332-b04)
# Java VM: OpenJDK 64-Bit Server VM (25.332-b04 mixed mode linux-amd64 compressed oops)
Heap:
 PSYoungGen      total 270848K, used 211825K [0x00000000eab00000, 0x0000000100000000, 0x0000000100000000)
  eden space 216576K, 72% used [0x00000000eab00000,0x00000000f4550e78,0x00000000f7e80000)
  from space 54272K, 99% used [0x00000000f7e80000,0x00000000fb30b800,0x00000000fb380000)
  to   space 72704K, 0% used [0x00000000fb900000,0x00000000fb900000,0x0000000100000000)
 ParOldGen       total 699392K, used 37039K [0x00000000c0000000, 0x00000000eab00000, 0x00000000eab00000)
  object space 699392K, 5% used [0x00000000c0000000,0x00000000c242bca0,0x00000000eab00000)
 Metaspace       used 140275K, capacity 162323K, committed 162560K, reserved 1189888K
  class space    used 19894K, capacity 21497K, committed 21504K, reserved 1048576K
GC Heap History (10 events):
Event: 10.323 GC heap before
{Heap before GC invocations=9 (full 3):
 PSYoungGen      total 305664K, used 305654K [0x00000000eab00000, 0x0000000100000000, 0x0000000100000000)
  eden space 262144K, 100% used [0x00000000eab00000,0x00000000fab00000,0x00000000fab00000)
  from space 43520K, 99% used [0x00000000fab00000,0x00000000fd57daf8,0x00000000fd580000)
  to   space 43520K, 0% used [0x00000000fd580000,0x00000000fd580000,0x0000000100000000)
 ParOldGen       total 699392K, used 76937K [0x00000000c0000000, 0x00000000eab00000, 0x00000000eab00000)
  object space 699392K, 11% used [0x00000000c0000000,0x00000000c4b225e8,0x00000000eab00000)
 Metaspace       used 82077K, capacity 95622K, committed 95744K, reserved 1132544K
  class space    used 11607K, capacity 12444K, committed 12544K, reserved 1048576K
Event: 10.341 GC heap after
Heap after GC invocations=9 (full 3):
 PSYoungGen      total 250368K, used 20703K [0x00000000eab00000, 0x0000000100000000, 0x0000000100000000)
  eden space 206848K, 0% used [0x00000000eab00000,0x00000000eab00000,0x00000000f7500000)
  from space 43520K, 47% used [0x00000000fd580000,0x00000000fe9b7d88,0x0000000100000000)
  to   space 71168K, 0% used [0x00000000f7500000,0x00000000f7500000,0x00000000fba80000)
 ParOldGen       total 699392K, used 76945K [0x00000000c0000000, 0x00000000eab00000, 0x00000000eab00000)
  object space 699392K, 11% used [0x00000000c0000000,0x00000000c4b245e8,0x00000000eab00000)
 Metaspace       used 82077K, capacity 95622K, committed 95744K, reserved 1132544K
  class space    used 11607K, capacity 12444K, committed 12544K, reserved 1048576K
}
Event: 10.537 GC heap before
{Heap before GC invocations=10 (full 3):
 PSYoungGen      total 250368K, used 47852K [0x00000000eab00000, 0x0000000100000000, 0x0000000100000000)
  eden space 206848K, 13% used [0x00000000eab00000,0x00000000ec5833e0,0x00000000f7500000)
  from space 43520K, 47% used [0x00000000fd580000,0x00000000fe9b7d88,0x0000000100000000)
  to   space 71168K, 0% used [0x00000000f7500000,0x00000000f7500000,0x00000000fba80000)
 ParOldGen       total 699392K, used 76945K [0x00000000c0000000, 0x00000000eab00000, 0x00000000eab00000)
  object space 699392K, 11% used [0x00000000c0000000,0x00000000c4b245e8,0x00000000eab00000)
 Metaspace       used 85317K, capacity 99256K, committed 99300K, reserved 1136640K
  class space    used 12053K, capacity 12915K, committed 12928K, reserved 1048576K
Event: 10.552 GC heap after
Heap after GC invocations=10 (full 3):
 PSYoungGen      total 278016K, used 18744K [0x00000000eab00000, 0x0000000100000000, 0x0000000100000000)
  eden space 206848K, 0% used [0x00000000eab00000,0x00000000eab00000,0x00000000f7500000)
  from space 71168K, 26% used [0x00000000f7500000,0x00000000f874e2b8,0x00000000fba80000)
  to   space 67072K, 0% used [0x00000000fbe80000,0x00000000fbe80000,0x0000000100000000)
 ParOldGen       total 699392K, used 76953K [0x00000000c0000000, 0x00000000eab00000, 0x00000000eab00000)
  object space 699392K, 11% used [0x00000000c0000000,0x00000000c4b265e8,0x00000000eab00000)
 Metaspace       used 85317K, capacity 99256K, committed 99300K, reserved 1136640K
  class space    used 12053K, capacity 12915K, committed 12928K, reserved 1048576K
}
Event: 10.552 GC heap before
{Heap before GC invocations=11 (full 4):
 PSYoungGen      total 278016K, used 18744K [0x00000000eab00000, 0x0000000100000000, 0x0000000100000000)
  eden space 206848K, 0% used [0x00000000eab00000,0x00000000eab00000,0x00000000f7500000)
  from space 71168K, 26% used [0x00000000f7500000,0x00000000f874e2b8,0x00000000fba80000)
  to   space 67072K, 0% used [0x00000000fbe80000,0x00000000fbe80000,0x0000000100000000)
 ParOldGen       total 699392K, used 76953K [0x00000000c0000000, 0x00000000eab00000, 0x00000000eab00000)
  object space 699392K, 11% used [0x00000000c0000000,0x00000000c4b265e8,0x00000000eab00000)
 Metaspace       used 85317K, capacity 99256K, committed 99300K, reserved 1136640K
  class space    used 12053K, capacity 12915K, committed 12928K, reserved 1048576K
Event: 10.643 GC heap after
Heap after GC invocations=11 (full 4):
 PSYoungGen      total 278016K, used 0K [0x00000000eab00000, 0x0000000100000000, 0x0000000100000000)
  eden space 206848K, 0% used [0x00000000eab00000,0x00000000eab00000,0x00000000f7500000)
  from space 71168K, 0% used [0x00000000f7500000,0x00000000f7500000,0x00000000fba80000)
  to   space 67072K, 0% used [0x00000000fbe80000,0x00000000fbe80000,0x0000000100000000)
 ParOldGen       total 699392K, used 36910K [0x00000000c0000000, 0x00000000eab00000, 0x00000000eab00000)
  object space 699392K, 5% used [0x00000000c0000000,0x00000000c240ba20,0x00000000eab00000)
 Metaspace       used 83192K, capacity 95976K, committed 99300K, reserved 1136640K
  class space    used 11671K, capacity 12470K, committed 12928K, reserved 1048576K
}
Event: 12.266 GC heap before
{Heap before GC invocations=12 (full 4):
 PSYoungGen      total 278016K, used 206848K [0x00000000eab00000, 0x0000000100000000, 0x0000000100000000)
  eden space 206848K, 100% used [0x00000000eab00000,0x00000000f7500000,0x00000000f7500000)
  from space 71168K, 0% used [0x00000000f7500000,0x00000000f7500000,0x00000000fba80000)
  to   space 67072K, 0% used [0x00000000fbe80000,0x00000000fbe80000,0x0000000100000000)
 ParOldGen       total 699392K, used 36943K [0x00000000c0000000, 0x00000000eab00000, 0x00000000eab00000)
  object space 699392K, 5% used [0x00000000c0000000,0x00000000c2413c90,0x00000000eab00000)
 Metaspace       used 92347K, capacity 107312K, committed 107520K, reserved 1142784K
  class space    used 13281K, capacity 14242K, committed 14336K, reserved 1048576K
Event: 12.272 GC heap after
Heap after GC invocations=12 (full 4):
 PSYoungGen      total 283648K, used 9661K [0x00000000eab00000, 0x0000000100000000, 0x0000000100000000)
  eden space 216576K, 0% used [0x00000000eab00000,0x00000000eab00000,0x00000000f7e80000)
  from space 67072K, 14% used [0x00000000fbe80000,0x00000000fc7ef6f8,0x0000000100000000)
  to   space 65536K, 0% used [0x00000000f7e80000,0x00000000f7e80000,0x00000000fbe80000)
 ParOldGen       total 699392K, used 37015K [0x00000000c0000000, 0x00000000eab00000, 0x00000000eab00000)
  object space 699392K, 5% used [0x00000000c0000000,0x00000000c2425ca0,0x00000000eab00000)
 Metaspace       used 92347K, capacity 107312K, committed 107520K, reserved 1142784K
  class space    used 13281K, capacity 14242K, committed 14336K, reserved 1048576K
}
Event: 16.501 GC heap before
{Heap before GC invocations=13 (full 4):
 PSYoungGen      total 283648K, used 226237K [0x00000000eab00000, 0x0000000100000000, 0x0000000100000000)
  eden space 216576K, 100% used [0x00000000eab00000,0x00000000f7e80000,0x00000000f7e80000)
  from space 67072K, 14% used [0x00000000fbe80000,0x00000000fc7ef6f8,0x0000000100000000)
  to   space 65536K, 0% used [0x00000000f7e80000,0x00000000f7e80000,0x00000000fbe80000)
 ParOldGen       total 699392K, used 37015K [0x00000000c0000000, 0x00000000eab00000, 0x00000000eab00000)
  object space 699392K, 5% used [0x00000000c0000000,0x00000000c2425ca0,0x00000000eab00000)
 Metaspace       used 121079K, capacity 140051K, committed 140160K, reserved 1171456K
  class space    used 17174K, capacity 18548K, committed 18560K, reserved 1048576K
Event: 16.535 GC heap after
Heap after GC invocations=13 (full 4):
 PSYoungGen      total 270848K, used 53806K [0x00000000eab00000, 0x0000000100000000, 0x0000000100000000)
  eden space 216576K, 0% used [0x00000000eab00000,0x00000000eab00000,0x00000000f7e80000)
  from space 54272K, 99% used [0x00000000f7e80000,0x00000000fb30b800,0x00000000fb380000)
  to   space 72704K, 0% used [0x00000000fb900000,0x00000000fb900000,0x0000000100000000)
 ParOldGen       total 699392K, used 37039K [0x00000000c0000000, 0x00000000eab00000, 0x00000000eab00000)
  object space 699392K, 5% used [0x00000000c0000000,0x00000000c242bca0,0x00000000eab00000)
 Metaspace       used 121079K, capacity 140051K, committed 140160K, reserved 1171456K
  class space    used 17174K, capacity 18548K, committed 18560K, reserved 1048576K
}

